#
# There is insufficient memory for the Java Runtime Environment to continue.
# Native memory allocation (mmap) failed to map 268435456 bytes for G1 virtual space
# Possible reasons:
#   The system is out of physical RAM or swap space
#   The process is running with CompressedOops enabled, and the Java Heap may be blocking the growth of the native heap
# Possible solutions:
#   Reduce memory load on the system
#   Increase physical memory or swap space
#   Check if swap backing store is full
#   Decrease Java heap size (-Xmx/-Xms)
#   Decrease number of Java threads
#   Decrease Java thread stack sizes (-Xss)
#   Set larger code cache with -XX:ReservedCodeCacheSize=
#   JVM is running with Zero Based Compressed Oops mode in which the Java heap is
#     placed in the first 32GB address space. The Java Heap base address is the
#     maximum limit for the native heap growth. Please use -XX:HeapBaseMinAddress
#     to set the Java Heap base and to place the Java Heap above 32GB virtual address.
# This output file may be truncated or incomplete.
#
#  Out of Memory Error (os_windows.cpp:3530), pid=43852, tid=40120
#
# JRE version:  (18.0.2+9) (build )
# Java VM: Java HotSpot(TM) 64-Bit Server VM (18.0.2+9-61, mixed mode, sharing, tiered, compressed oops, compressed class ptrs, g1 gc, windows-amd64)
# No core dump will be written. Minidumps are not enabled by default on client versions of Windows
#

---------------  S U M M A R Y ------------

Command Line: -Dfile.encoding=UTF-8 -XX:+ShowCodeDetailsInExceptionMessages CartUI

Host: Intel(R) Core(TM) i5-10400F CPU @ 2.90GHz, 12 cores, 15G,  Windows 10 , 64 bit Build 19041 (10.0.19041.2251)
Time: Tue Nov 15 20:23:57 2022 Eastern Standard Time elapsed time: 0.007505 seconds (0d 0h 0m 0s)

---------------  T H R E A D  ---------------

Current thread (0x000002224ec9fb80):  JavaThread "Unknown thread" [_thread_in_vm, id=40120, stack(0x000000caccf00000,0x000000cacd000000)]

Stack: [0x000000caccf00000,0x000000cacd000000]
Native frames: (J=compiled Java code, j=interpreted, Vv=VM code, C=native code)
V  [jvm.dll+0x6993ca]
V  [jvm.dll+0x7f481d]
V  [jvm.dll+0x7f612e]
V  [jvm.dll+0x7f67e3]
V  [jvm.dll+0x25cdaf]
V  [jvm.dll+0x696319]
V  [jvm.dll+0x68ae4a]
V  [jvm.dll+0x3223eb]
V  [jvm.dll+0x329dc6]
V  [jvm.dll+0x37eade]
V  [jvm.dll+0x37ed0f]
V  [jvm.dll+0x2fa16a]
V  [jvm.dll+0x2fb1cd]
V  [jvm.dll+0x7c3450]
V  [jvm.dll+0x38be61]
V  [jvm.dll+0x7a2073]
V  [jvm.dll+0x40dc3f]
V  [jvm.dll+0x40f611]
C  [jli.dll+0x526b]
C  [ucrtbase.dll+0x21bb2]
C  [KERNEL32.DLL+0x174b4]
C  [ntdll.dll+0x526a1]


---------------  P R O C E S S  ---------------

Threads class SMR info:
_java_thread_list=0x00007ffb39cee550, length=0, elements={
}

Java Threads: ( => current thread )

Other Threads:
  0x000002224ed10680 WorkerThread "GC Thread#0" [stack: 0x000000cacd000000,0x000000cacd100000] [id=41608]
  0x000002224ed21bd0 ConcurrentGCThread "G1 Main Marker" [stack: 0x000000cacd100000,0x000000cacd200000] [id=31260]
  0x000002224ed235d0 WorkerThread "G1 Conc#0" [stack: 0x000000cacd200000,0x000000cacd300000] [id=43380]

[error occurred during error reporting (printing all threads), id 0xc0000005, EXCEPTION_ACCESS_VIOLATION (0xc0000005) at pc=0x00007ffb3951a707]

VM state: not at safepoint (not fully initialized)

VM Mutex/Monitor currently owned by a thread:  ([mutex/lock_event])
[0x000002224ec9b5e0] Heap_lock - owner thread: 0x000002224ec9fb80

Heap address: 0x0000000701800000, size: 4072 MB, Compressed Oops mode: Zero based, Oop shift amount: 3

CDS archive(s) mapped at: [0x0000000000000000-0x0000000000000000-0x0000000000000000), size 0, SharedBaseAddress: 0x0000000800000000, ArchiveRelocationMode: 0.
Narrow klass base: 0x0000000000000000, Narrow klass shift: 0, Narrow klass range: 0x0

GC Precious Log:
 CardTable entry size: 512
 Card Set container configuration: InlinePtr #cards 4 size 8 Array Of Cards #cards 16 size 48 Howl #buckets 8 coarsen threshold 3686 Howl Bitmap #cards 512 size 80 coarsen threshold 460 Card regions per heap region 1 cards per card region 4096

Heap:
 garbage-first heap   total 0K, used 0K [0x0000000701800000, 0x0000000800000000)
  region size 2048K, 0 young (0K), 0 survivors (0K)

[error occurred during error reporting (printing heap information), id 0xc0000005, EXCEPTION_ACCESS_VIOLATION (0xc0000005) at pc=0x00007ffb39901859]

GC Heap History (0 events):
No events

Deoptimization events (0 events):
No events

Classes loaded (0 events):
No events

Classes unloaded (0 events):
No events

Classes redefined (0 events):
No events

Internal exceptions (0 events):
No events

VM Operations (0 events):
No events

Events (1 events):
Event: 0.004 Loaded shared library C:\Program Files\Java\jdk-18.0.2\bin\java.dll


Dynamic libraries:
0x00007ff634bf0000 - 0x00007ff634c00000 	C:\Program Files\Java\jdk-18.0.2\bin\javaw.exe
0x00007ffc385f0000 - 0x00007ffc387e8000 	C:\WINDOWS\SYSTEM32\ntdll.dll
0x00007ffc36840000 - 0x00007ffc368ff000 	C:\WINDOWS\System32\KERNEL32.DLL
0x00007ffc35d80000 - 0x00007ffc36052000 	C:\WINDOWS\System32\KERNELBASE.dll
0x00007ffc362d0000 - 0x00007ffc363d0000 	C:\WINDOWS\System32\ucrtbase.dll
0x00007ffc1af70000 - 0x00007ffc1af88000 	C:\Program Files\Java\jdk-18.0.2\bin\jli.dll
0x00007ffc20f60000 - 0x00007ffc20f7a000 	C:\Program Files\Java\jdk-18.0.2\bin\VCRUNTIME140.dll
0x00007ffc37bd0000 - 0x00007ffc37c7e000 	C:\WINDOWS\System32\ADVAPI32.dll
0x00007ffc370f0000 - 0x00007ffc3718e000 	C:\WINDOWS\System32\msvcrt.dll
0x00007ffc37c80000 - 0x00007ffc37d1c000 	C:\WINDOWS\System32\sechost.dll
0x00007ffc372f0000 - 0x00007ffc37415000 	C:\WINDOWS\System32\RPCRT4.dll
0x00007ffc36f50000 - 0x00007ffc370ed000 	C:\WINDOWS\System32\USER32.dll
0x00007ffc36610000 - 0x00007ffc36632000 	C:\WINDOWS\System32\win32u.dll
0x00007ffc29f50000 - 0x00007ffc2a1ea000 	C:\WINDOWS\WinSxS\amd64_microsoft.windows.common-controls_6595b64144ccf1df_6.0.19041.1110_none_60b5254171f9507e\COMCTL32.dll
0x00007ffc36f20000 - 0x00007ffc36f4b000 	C:\WINDOWS\System32\GDI32.dll
0x00007ffc364b0000 - 0x00007ffc365bf000 	C:\WINDOWS\System32\gdi32full.dll
0x00007ffc36230000 - 0x00007ffc362cd000 	C:\WINDOWS\System32\msvcp_win.dll
0x00007ffc30fd0000 - 0x00007ffc30fda000 	C:\WINDOWS\SYSTEM32\VERSION.dll
0x00007ffc384f0000 - 0x00007ffc38522000 	C:\WINDOWS\System32\IMM32.DLL
0x00007ffc1b310000 - 0x00007ffc1b31c000 	C:\Program Files\Java\jdk-18.0.2\bin\vcruntime140_1.dll
0x00007ffc17cf0000 - 0x00007ffc17d7d000 	C:\Program Files\Java\jdk-18.0.2\bin\msvcp140.dll
0x00007ffb39210000 - 0x00007ffb39e21000 	C:\Program Files\Java\jdk-18.0.2\bin\server\jvm.dll
0x00007ffc37d20000 - 0x00007ffc37d28000 	C:\WINDOWS\System32\PSAPI.DLL
0x00007ffc20f50000 - 0x00007ffc20f59000 	C:\WINDOWS\SYSTEM32\WSOCK32.dll
0x00007ffc2a510000 - 0x00007ffc2a537000 	C:\WINDOWS\SYSTEM32\WINMM.dll
0x00007ffc37190000 - 0x00007ffc371fb000 	C:\WINDOWS\System32\WS2_32.dll
0x00007ffc33bd0000 - 0x00007ffc33be2000 	C:\WINDOWS\SYSTEM32\kernel.appcore.dll
0x00007ffc20f00000 - 0x00007ffc20f0a000 	C:\Program Files\Java\jdk-18.0.2\bin\jimage.dll
0x00007ffc23930000 - 0x00007ffc23b14000 	C:\WINDOWS\SYSTEM32\DBGHELP.DLL
0x00007ffc1b690000 - 0x00007ffc1b6bc000 	C:\WINDOWS\SYSTEM32\dbgcore.DLL
0x00007ffc35cf0000 - 0x00007ffc35d72000 	C:\WINDOWS\System32\bcryptPrimitives.dll
0x00007ffc18150000 - 0x00007ffc18175000 	C:\Program Files\Java\jdk-18.0.2\bin\java.dll

dbghelp: loaded successfully - version: 4.0.5 - missing functions: none
symbol engine: initialized successfully - sym options: 0x614 - pdb path: .;C:\Program Files\Java\jdk-18.0.2\bin;C:\WINDOWS\SYSTEM32;C:\WINDOWS\WinSxS\amd64_microsoft.windows.common-controls_6595b64144ccf1df_6.0.19041.1110_none_60b5254171f9507e;C:\Program Files\Java\jdk-18.0.2\bin\server

VM Arguments:
jvm_args: -Dfile.encoding=UTF-8 -XX:+ShowCodeDetailsInExceptionMessages 
java_command: CartUI
java_class_path (initial): C:\Users\Mark\IdeaProjects\ShopletApplication\out\production\ShopletApplication;C:\Users\Mark\IdeaProjects\ShopletApplication\miglayout15-swing.jar
Launcher Type: SUN_STANDARD

[Global flags]
     intx CICompilerCount                          = 4                                         {product} {ergonomic}
     uint ConcGCThreads                            = 3                                         {product} {ergonomic}
     uint G1ConcRefinementThreads                  = 10                                        {product} {ergonomic}
   size_t G1HeapRegionSize                         = 2097152                                   {product} {ergonomic}
    uintx GCDrainStackTargetSize                   = 64                                        {product} {ergonomic}
   size_t InitialHeapSize                          = 268435456                                 {product} {ergonomic}
   size_t MarkStackSize                            = 4194304                                   {product} {ergonomic}
   size_t MaxHeapSize                              = 4269801472                                {product} {ergonomic}
   size_t MinHeapDeltaBytes                        = 2097152                                   {product} {ergonomic}
   size_t MinHeapSize                              = 8388608                                   {product} {ergonomic}
    uintx NonNMethodCodeHeapSize                   = 5839372                                {pd product} {ergonomic}
    uintx NonProfiledCodeHeapSize                  = 122909434                              {pd product} {ergonomic}
    uintx ProfiledCodeHeapSize                     = 122909434                              {pd product} {ergonomic}
    uintx ReservedCodeCacheSize                    = 251658240                              {pd product} {ergonomic}
     bool SegmentedCodeCache                       = true                                      {product} {ergonomic}
     bool ShowCodeDetailsInExceptionMessages       = true                                   {manageable} {command line}
   size_t SoftMaxHeapSize                          = 4269801472                             {manageable} {ergonomic}
     bool UseCompressedClassPointers               = true                           {product lp64_product} {ergonomic}
     bool UseCompressedOops                        = true                           {product lp64_product} {ergonomic}
     bool UseG1GC                                  = true                                      {product} {ergonomic}
     bool UseLargePagesIndividualAllocation        = false                                  {pd product} {ergonomic}

Logging:
Log output configuration:
 #0: stdout all=warning uptime,level,tags foldmultilines=false
 #1: stderr all=off uptime,level,tags foldmultilines=false

Environment Variables:
PATH=C:/Program Files/Java/jdk-18.0.2/bin/server;C:/Program Files/Java/jdk-18.0.2/bin;C:\Program Files\Common Files\Oracle\Java\javapath;C:\Program Files (x86)\Common Files\Oracle\Java\javapath;C:\WINDOWS\system32;C:\WINDOWS;C:\WINDOWS\System32\Wbem;C:\WINDOWS\System32\WindowsPowerShell\v1.0\;C:\WINDOWS\System32\OpenSSH\;C:\Program Files\NVIDIA Corporation\NVIDIA NvDLISR;C:\Program Files\nodejs\;C:\Program Files\Git\cmd;C:\Program Files\dotnet\;C:\Program Files (x86)\NVIDIA Corporation\PhysX\Common;C:\Users\Mark\AppData\Local\Programs\Python\Python310\Scripts\;C:\Users\Mark\AppData\Local\Programs\Python\Python310\;C:\Users\Mark\AppData\Local\Microsoft\WindowsApps;C:\Program Files\JetBrains\WebStorm 2022.1.2\bin;;C:\Program Files\JetBrains\PyCharm Community Edition 2022.2\bin;;C:\Users\Mark\AppData\Roaming\npm;C:\Program Files\JetBrains\IntelliJ IDEA Community Edition 2022.2.1\bin;;C:\Program Files\JetBrains\CLion 2022.2.1\bin;;C:\Program Files\JetBrains\IntelliJ IDEA 2022.2.2\bin;;C:\Users\Mark\AppData\Local\Programs\Microsoft VS Code\bin;C:\Program Files\JetBrains\JetBrains Rider 2022.2.3\bin;;C:\Users\Mark\AppData\Local\GitHubDesktop\bin;C:\WINDOWS\system32;
USERNAME=Mark
OS=Windows_NT
PROCESSOR_IDENTIFIER=Intel64 Family 6 Model 165 Stepping 3, GenuineIntel



---------------  S Y S T E M  ---------------

OS:
 Windows 10 , 64 bit Build 19041 (10.0.19041.2251)
OS uptime: 1 days 7:06 hours

CPU: total 12 (initial active 12) (6 cores per cpu, 2 threads per core) family 6 model 165 stepping 3 microcode 0xea, cx8, cmov, fxsr, ht, mmx, 3dnowpref, sse, sse2, sse3, ssse3, sse4.1, sse4.2, popcnt, lzcnt, tsc, tscinvbit, avx, avx2, aes, erms, clmul, bmi1, bmi2, adx, fma, vzeroupper, clflush, clflushopt

Memory: 4k page, system-wide physical 16280M (1411M free)
TotalPageFile size 65432M (AvailPageFile size 107M)
current process WorkingSet (physical memory assigned to process): 10M, peak: 10M
current process commit charge ("private bytes"): 64M, peak: 320M

vm_info: Java HotSpot(TM) 64-Bit Server VM (18.0.2+9-61) for windows-amd64 JRE (18.0.2+9-61), built on Jun  7 2022 13:09:01 by "mach5one" with MS VC++ 16.8 / 16.9 (VS2019)

END.
